[debug] [2026-03-05T07:19:54.519Z] ----------------------------------------------------------------------
[debug] [2026-03-05T07:19:54.536Z] Command:       C:\Program Files\nodejs\node.exe C:\Users\yamat\AppData\Roaming\npm\node_modules\firebase-tools\lib\bin\firebase.js deploy --only storage
[debug] [2026-03-05T07:19:54.537Z] CLI Version:   15.7.0
[debug] [2026-03-05T07:19:54.537Z] Platform:      win32
[debug] [2026-03-05T07:19:54.537Z] Node Version:  v22.14.0
[debug] [2026-03-05T07:19:54.538Z] Time:          Thu Mar 05 2026 16:19:54 GMT+0900 (日本標準時)
[debug] [2026-03-05T07:19:54.539Z] ----------------------------------------------------------------------
[debug] 
[error] 
[error] Error: No currently active project.
To run this command, you need to specify a project. You have two options:
- Run this command with --project <alias_or_project_id>.
- Set an active project by running firebase use --add, then rerun this command.
To list all the Firebase projects to which you have access, run firebase projects:list.
To learn about active projects for the CLI, visit https://firebase.google.com/docs/cli#project_aliases


[debug] [2026-03-05T07:19:59.132Z] Error: EBUSY: resource busy or locked, unlink 'C:\Users\yamat\Documents\TakaraWalk\firebase-debug.log'
    at Object.unlinkSync (node:fs:1953:11)
    at process.<anonymous> (C:\Users\yamat\AppData\Roaming\npm\node_modules\firebase-tools\lib\bin\cli.js:44:16)
    at process.emit (node:events:530:35)
    at process.exit (node:internal/process/per_thread:184:15)
    at Timeout._onTimeout (C:\Users\yamat\AppData\Roaming\npm\node_modules\firebase-tools\lib\errorOut.js:20:17)
    at listOnTimeout (node:internal/timers:594:17)
    at process.processTimers (node:internal/timers:529:7)
[error] 
[error] Error: An unexpected error has occurred.
